<?xml version="1.0" encoding="UTF-8"?>
<robot generator="Robot 4.1.3 (Python 3.10.2 on win32)" generated="20220308 14:46:35.269" rpa="false" schemaversion="2">
<suite id="s1" name="Login" source="D:\Projects\RobotXpert\bodytest\tests\login.robot">
<test id="s1-t1" name="Login do administrador">
<kw name="New Browser" library="Browser">
<arg>chromium</arg>
<arg>False</arg>
<tag>BrowserControl</tag>
<tag>Setter</tag>
<doc>Create a new playwright Browser with specified options.</doc>
<msg timestamp="20220308 14:46:36.043" level="INFO">{"browser": "chromium", "headless": false, "handleSIGINT": true, "handleSIGTERM": true, "handleSIGHUP": true, "timeout": 30000.0, "devtools": false, "slowMo": 0.0, "tracesDir": "D:\\Projects\\RobotXpert\\bodytest\\logs\\browser\\traces\\78ba6e15-1d28-4c26-a808-580f8378384a"}</msg>
<msg timestamp="20220308 14:46:37.221" level="INFO">Successfully created browser with options: {"browser":"chromium","headless":false,"handleSIGINT":true,"handleSIGTERM":true,"handleSIGHUP":true,"timeout":30000,"devtools":false,"slowMo":0,"tracesDir":"D:\\Projects\\RobotXpert\\bodytest\\logs\\browser\\traces\\78ba6e15-1d28-4c26-a808-580f8378384a"}</msg>
<status status="PASS" starttime="20220308 14:46:36.043" endtime="20220308 14:46:37.221"/>
</kw>
<kw name="New Page" library="Browser">
<arg>https://bodytest-web-fellpz.herokuapp.com/</arg>
<tag>BrowserControl</tag>
<tag>Setter</tag>
<doc>Open a new Page.</doc>
<msg timestamp="20220308 14:46:39.868" level="INFO">Successfully initialized new page object and opened url: https://bodytest-web-fellpz.herokuapp.com/</msg>
<msg timestamp="20220308 14:46:39.868" level="INFO">No context was open. New context was automatically opened when this page is created.</msg>
<status status="PASS" starttime="20220308 14:46:37.222" endtime="20220308 14:46:39.869"/>
</kw>
<kw name="Fill Text" library="Browser">
<arg>css=input[name=email]</arg>
<arg>admin@bodytest.com</arg>
<tag>PageContent</tag>
<tag>Setter</tag>
<doc>Clears and fills the given ``txt`` into the text field found by ``selector``.</doc>
<msg timestamp="20220308 14:46:39.870" level="INFO">Fills the text 'admin@bodytest.com' in the given field.</msg>
<status status="PASS" starttime="20220308 14:46:39.869" endtime="20220308 14:46:39.906"/>
</kw>
<kw name="Fill Text" library="Browser">
<arg>css=input[name=password]</arg>
<arg>pwd123</arg>
<tag>PageContent</tag>
<tag>Setter</tag>
<doc>Clears and fills the given ``txt`` into the text field found by ``selector``.</doc>
<msg timestamp="20220308 14:46:39.907" level="INFO">Fills the text 'pwd123' in the given field.</msg>
<status status="PASS" starttime="20220308 14:46:39.906" endtime="20220308 14:46:39.922"/>
</kw>
<kw name="Click" library="Browser">
<arg>text=Entrar</arg>
<tag>PageContent</tag>
<tag>Setter</tag>
<doc>Simulates mouse click on the element found by ``selector``.</doc>
<status status="PASS" starttime="20220308 14:46:39.922" endtime="20220308 14:46:39.999"/>
</kw>
<kw name="Get Text" library="Browser">
<arg>css=aside strong</arg>
<arg>should be</arg>
<arg>Administradoooor</arg>
<tag>Assertion</tag>
<tag>Getter</tag>
<tag>PageContent</tag>
<doc>Returns text attribute of the element found by ``selector``.</doc>
<msg timestamp="20220308 14:46:42.274" level="INFO" html="true">&lt;/td&gt;&lt;/tr&gt;&lt;tr&gt;&lt;td colspan="3"&gt;&lt;a href="browser/screenshot/fail-screenshot-1.png"&gt;&lt;img src="browser/screenshot/fail-screenshot-1.png" width="800px"&gt;&lt;/a&gt;</msg>
<msg timestamp="20220308 14:46:42.287" level="FAIL">Text 'Administrador' (str) should be 'Administradoooor' (str)</msg>
<status status="FAIL" starttime="20220308 14:46:40.000" endtime="20220308 14:46:42.287"/>
</kw>
<kw name="Take Screenshot" library="Browser">
<tag>PageContent</tag>
<doc>Takes a screenshot of the current window or element and saves it to disk.</doc>
<status status="NOT RUN" starttime="20220308 14:46:42.288" endtime="20220308 14:46:42.288"/>
</kw>
<status status="FAIL" starttime="20220308 14:46:36.039" endtime="20220308 14:46:42.288">Text 'Administrador' (str) should be 'Administradoooor' (str)</status>
</test>
<doc>Suite de testes de Login do Administrador</doc>
<status status="FAIL" starttime="20220308 14:46:35.270" endtime="20220308 14:46:42.336"/>
</suite>
<statistics>
<total>
<stat pass="0" fail="1" skip="0">All Tests</stat>
</total>
<tag>
</tag>
<suite>
<stat pass="0" fail="1" skip="0" id="s1" name="Login">Login</stat>
</suite>
</statistics>
<errors>
</errors>
</robot>
